# JRE version: OpenJDK Runtime Environment (11.0.11+9) (build 11.0.11+9-b60-7590822)
# Java VM: OpenJDK 64-Bit Server VM (11.0.11+9-b60-7590822, mixed mode, tiered, compressed oops, g1 gc, windows-amd64)
Heap:
 garbage-first heap   total 334848K, used 199273K [0x0000000080000000, 0x0000000100000000)
  region size 1024K, 67 young (68608K), 7 survivors (7168K)
 Metaspace       used 134341K, capacity 139451K, committed 139648K, reserved 1171456K
  class space    used 16446K, capacity 18318K, committed 18380K, reserved 1048576K
GC Heap History (20 events):
Event: 13474.042 GC heap before
{Heap before GC invocations=218 (full 0):
 garbage-first heap   total 333824K, used 139368K [0x0000000080000000, 0x0000000100000000)
  region size 1024K, 26 young (26624K), 2 survivors (2048K)
 Metaspace       used 133776K, capacity 138855K, committed 139136K, reserved 1169408K
  class space    used 16441K, capacity 18311K, committed 18380K, reserved 1048576K
}
Event: 13474.056 GC heap after
{Heap after GC invocations=219 (full 0):
 garbage-first heap   total 333824K, used 115659K [0x0000000080000000, 0x0000000100000000)
  region size 1024K, 2 young (2048K), 2 survivors (2048K)
 Metaspace       used 133776K, capacity 138855K, committed 139136K, reserved 1169408K
  class space    used 16441K, capacity 18311K, committed 18380K, reserved 1048576K
}
Event: 14620.363 GC heap before
{Heap before GC invocations=220 (full 0):
 garbage-first heap   total 333824K, used 311243K [0x0000000080000000, 0x0000000100000000)
  region size 1024K, 148 young (151552K), 2 survivors (2048K)
 Metaspace       used 133824K, capacity 138859K, committed 139136K, reserved 1169408K
  class space    used 16441K, capacity 18311K, committed 18380K, reserved 1048576K
}
Event: 14620.411 GC heap after
{Heap after GC invocations=221 (full 0):
 garbage-first heap   total 333824K, used 126895K [0x0000000080000000, 0x0000000100000000)
  region size 1024K, 13 young (13312K), 13 survivors (13312K)
 Metaspace       used 133824K, capacity 138859K, committed 139136K, reserved 1169408K
  class space    used 16441K, capacity 18311K, committed 18380K, reserved 1048576K
}
Event: 14620.419 GC heap before
{Heap before GC invocations=221 (full 0):
 garbage-first heap   total 333824K, used 128943K [0x0000000080000000, 0x0000000100000000)
  region size 1024K, 16 young (16384K), 13 survivors (13312K)
 Metaspace       used 133824K, capacity 138859K, committed 139136K, reserved 1169408K
  class space    used 16441K, capacity 18311K, committed 18380K, reserved 1048576K
}
Event: 14620.476 GC heap after
{Heap after GC invocations=222 (full 0):
 garbage-first heap   total 333824K, used 118292K [0x0000000080000000, 0x0000000100000000)
  region size 1024K, 1 young (1024K), 1 survivors (1024K)
 Metaspace       used 133824K, capacity 138859K, committed 139136K, reserved 1169408K
  class space    used 16441K, capacity 18311K, committed 18380K, reserved 1048576K
}
Event: 14624.082 GC heap before
{Heap before GC invocations=222 (full 0):
 garbage-first heap   total 333824K, used 200212K [0x0000000080000000, 0x0000000100000000)
  region size 1024K, 83 young (84992K), 1 survivors (1024K)
 Metaspace       used 133910K, capacity 138999K, committed 139136K, reserved 1169408K
  class space    used 16443K, capacity 18313K, committed 18380K, reserved 1048576K
}
Event: 14624.101 GC heap after
{Heap after GC invocations=223 (full 0):
 garbage-first heap   total 333824K, used 119767K [0x0000000080000000, 0x0000000100000000)
  region size 1024K, 3 young (3072K), 3 survivors (3072K)
 Metaspace       used 133910K, capacity 138999K, committed 139136K, reserved 1169408K
  class space    used 16443K, capacity 18313K, committed 18380K, reserved 1048576K
}
Event: 14873.563 GC heap before
{Heap before GC invocations=224 (full 0):
 garbage-first heap   total 333824K, used 327639K [0x0000000080000000, 0x0000000100000000)
  region size 1024K, 149 young (152576K), 3 survivors (3072K)
 Metaspace       used 134132K, capacity 139225K, committed 139392K, reserved 1171456K
  class space    used 16436K, capacity 18300K, committed 18380K, reserved 1048576K
}
Event: 14873.622 GC heap after
{Heap after GC invocations=225 (full 0):
 garbage-first heap   total 334848K, used 122198K [0x0000000080000000, 0x0000000100000000)
  region size 1024K, 5 young (5120K), 5 survivors (5120K)
 Metaspace       used 134132K, capacity 139225K, committed 139392K, reserved 1171456K
  class space    used 16436K, capacity 18300K, committed 18380K, reserved 1048576K
}
Event: 14873.984 GC heap before
{Heap before GC invocations=225 (full 0):
 garbage-first heap   total 334848K, used 132438K [0x0000000080000000, 0x0000000100000000)
  region size 1024K, 16 young (16384K), 5 survivors (5120K)
 Metaspace       used 134134K, capacity 139225K, committed 139392K, reserved 1171456K
  class space    used 16436K, capacity 18300K, committed 18380K, reserved 1048576K
}
Event: 14874.091 GC heap after
{Heap after GC invocations=226 (full 0):
 garbage-first heap   total 334848K, used 111673K [0x0000000080000000, 0x0000000100000000)
  region size 1024K, 2 young (2048K), 2 survivors (2048K)
 Metaspace       used 134134K, capacity 139225K, committed 139392K, reserved 1171456K
  class space    used 16436K, capacity 18300K, committed 18380K, reserved 1048576K
}
Event: 14877.651 GC heap before
{Heap before GC invocations=226 (full 0):
 garbage-first heap   total 334848K, used 174137K [0x0000000080000000, 0x0000000100000000)
  region size 1024K, 65 young (66560K), 2 survivors (2048K)
 Metaspace       used 134172K, capacity 139264K, committed 139392K, reserved 1171456K
  class space    used 16440K, capacity 18307K, committed 18380K, reserved 1048576K
}
Event: 14877.672 GC heap after
{Heap after GC invocations=227 (full 0):
 garbage-first heap   total 334848K, used 113828K [0x0000000080000000, 0x0000000100000000)
  region size 1024K, 5 young (5120K), 5 survivors (5120K)
 Metaspace       used 134172K, capacity 139264K, committed 139392K, reserved 1171456K
  class space    used 16440K, capacity 18307K, committed 18380K, reserved 1048576K
}
Event: 15160.592 GC heap before
{Heap before GC invocations=228 (full 0):
 garbage-first heap   total 334848K, used 303268K [0x0000000080000000, 0x0000000100000000)
  region size 1024K, 133 young (136192K), 5 survivors (5120K)
 Metaspace       used 134262K, capacity 139358K, committed 139648K, reserved 1171456K
  class space    used 16441K, capacity 18310K, committed 18380K, reserved 1048576K
}
Event: 15160.640 GC heap after
{Heap after GC invocations=229 (full 0):
 garbage-first heap   total 334848K, used 114432K [0x0000000080000000, 0x0000000100000000)
  region size 1024K, 5 young (5120K), 5 survivors (5120K)
 Metaspace       used 134262K, capacity 139358K, committed 139648K, reserved 1171456K
  class space    used 16441K, capacity 18310K, committed 18380K, reserved 1048576K
}
Event: 15160.960 GC heap before
{Heap before GC invocations=229 (full 0):
 garbage-first heap   total 334848K, used 124672K [0x0000000080000000, 0x0000000100000000)
  region size 1024K, 16 young (16384K), 5 survivors (5120K)
 Metaspace       used 134264K, capacity 139358K, committed 139648K, reserved 1171456K
  class space    used 16441K, capacity 18310K, committed 18380K, reserved 1048576K
}
Event: 15161.039 GC heap after
{Heap after GC invocations=230 (full 0):
 garbage-first heap   total 334848K, used 105293K [0x0000000080000000, 0x0000000100000000)
  region size 1024K, 2 young (2048K), 2 survivors (2048K)
 Metaspace       used 134264K, capacity 139358K, committed 139648K, reserved 1171456K
  class space    used 16441K, capacity 18310K, committed 18380K, reserved 1048576K
}
Event: 15169.402 GC heap before
{Heap before GC invocations=230 (full 0):
 garbage-first heap   total 334848K, used 192333K [0x0000000080000000, 0x0000000100000000)
  region size 1024K, 89 young (91136K), 2 survivors (2048K)
 Metaspace       used 134327K, capacity 139451K, committed 139648K, reserved 1171456K
  class space    used 16446K, capacity 18318K, committed 18380K, reserved 1048576K
}
Event: 15169.437 GC heap after
{Heap after GC invocations=231 (full 0):
 garbage-first heap   total 334848K, used 110185K [0x0000000080000000, 0x0000000100000000)
  region size 1024K, 7 young (7168K), 7 survivors (7168K)
 Metaspace       used 134327K, capacity 139451K, committed 139648K, reserved 1171456K
  class space    used 16446K, capacity 18318K, committed 18380K, reserved 1048576K
}

